Building DAG of jobs...
Using shell: /bin/bash
Provided cluster nodes: 500
Job stats:
job                               count    min threads    max threads
------------------------------  -------  -------------  -------------
RepeatSeq_RepeatMasker_soft_01        1             20             20
total                                 1             20             20

Select jobs to execute...

[Tue May 30 21:32:26 2023]
rule RepeatSeq_RepeatMasker_soft_01:
    input: /public/home/zpliu/Pan-genome/RepeatMasked/RepeatMasker/Jin668_allRepeats.lib, /public/home/zpliu/Pan-genome/RepeatMasked/HC04-Repeat_TRF_softMasked.fa
    output: /public/home/zpliu/Pan-genome/RepeatMasked/RepeatMasker/HC04-Repeat_TRF_softMasked.tbi
    log: logs/RepeatSeq_RepeatMasker_soft_01.log
    jobid: 0
    reason: Missing output files: /public/home/zpliu/Pan-genome/RepeatMasked/RepeatMasker/HC04-Repeat_TRF_softMasked.tbi
    threads: 20
    resources: mem_mb=50000, mem_mib=47684, disk_mb=4565, disk_mib=4354, tmpdir=<TBD>

Submitted job 0 with external jobid '84910748 logs/cluster/RepeatSeq_RepeatMasker_soft_01/unique/jobid0_815dc1f6-4b3b-4573-94aa-da5a1403bdb2.out'.
Terminating processes on user request, this might take some time.
No --cluster-cancel given. Will exit after finishing currently running jobs.
Cancelling snakemake on user request.
