Building DAG of jobs...
Using shell: /bin/bash
Provided cluster nodes: 500
Job stats:
job                   count    min threads    max threads
------------------  -------  -------------  -------------
all                       1              1              1
segment_annotation        1             20             20
total                     2              1             20

Select jobs to execute...

[Wed May 24 18:51:40 2023]
rule segment_annotation:
    input: HC04-Repeat_TRF_softMasked.fa
    output: HC04_SD.annotation_V2.sd, HC04_SD.annotation_V2.sd.elem.txt
    jobid: 54
    reason: Missing output files: HC04_SD.annotation_V2.sd
    threads: 20
    resources: mem_mb=250000, mem_mib=238419, disk_mb=4455, disk_mib=4249, tmpdir=<TBD>

Error submitting jobscript (exit code 1):

Shutting down, this might take some time.
Terminating processes on user request, this might take some time.
No --cluster-cancel given. Will exit after finishing currently running jobs.
Complete log: .snakemake/log/2023-05-24T185138.871153.snakemake.log
